<?xml version="1.0" encoding="UTF-8"?>
<!-- Generated by org.testng.reporters.JUnitReportReporter -->
<testsuite hostname="Nigams-Laptop" failures="0" tests="16" name="seleniummaven.seleniummaven.TestNGfirstcrystore" time="15.239" errors="1" timestamp="2024-08-05T14:20:37 IST" skipped="0">
  <testcase classname="seleniummaven.seleniummaven.TestNGfirstcrystore" name="account" time="0.060"/>
  <system-out/>
  <testcase classname="seleniummaven.seleniummaven.TestNGfirstcrystore" name="login" time="0.113"/>
  <system-out/>
  <testcase classname="seleniummaven.seleniummaven.TestNGfirstcrystore" name="pass" time="0.077"/>
  <system-out/>
  <testcase classname="seleniummaven.seleniummaven.TestNGfirstcrystore" name="singinbutton" time="4.057"/>
  <system-out/>
  <testcase classname="seleniummaven.seleniummaven.TestNGfirstcrystore" name="Accessories" time="0.056"/>
  <system-out/>
  <testcase classname="seleniummaven.seleniummaven.TestNGfirstcrystore" name="Breastpump" time="0.051"/>
  <system-out/>
  <testcase classname="seleniummaven.seleniummaven.TestNGfirstcrystore" name="babybedwithnet" time="0.046"/>
  <system-out/>
  <testcase classname="seleniummaven.seleniummaven.TestNGfirstcrystore" name="BabyCradleAutomaticSwing" time="0.040"/>
  <system-out/>
  <testcase classname="seleniummaven.seleniummaven.TestNGfirstcrystore" name="BabyhugCarSeat" time="0.045"/>
  <system-out/>
  <testcase classname="seleniummaven.seleniummaven.TestNGfirstcrystore" name="CradleSwing" time="0.045"/>
  <system-out/>
  <testcase classname="seleniummaven.seleniummaven.TestNGfirstcrystore" name="ElectricBabySwing" time="0.039"/>
  <system-out/>
  <testcase classname="seleniummaven.seleniummaven.TestNGfirstcrystore" name="Babypalna" time="0.042"/>
  <system-out/>
  <testcase classname="seleniummaven.seleniummaven.TestNGfirstcrystore" name="BabyBouncerandRocker" time="0.043"/>
  <system-out/>
  <testcase classname="seleniummaven.seleniummaven.TestNGfirstcrystore" name="BabyBoosterChair" time="0.246"/>
  <system-out/>
  <testcase classname="seleniummaven.seleniummaven.TestNGfirstcrystore" name="AddtoCart" time="10.017">
    <error message="no such element: Unable to locate element: {&quot;method&quot;:&quot;xpath&quot;,&quot;selector&quot;:&quot;//button[@class=&quot;btn cart-btn&quot;][@fdprocessedid=&quot;185m7&quot;]&quot;}
  (Session info: chrome=127.0.6533.89)
For documentation on this error, please visit: https://www.selenium.dev/documentation/webdriver/troubleshooting/errors#no-such-element-exception
Build info: version: &#039;4.18.1&#039;, revision: &#039;b1d3319b48&#039;
System info: os.name: &#039;Windows 11&#039;, os.arch: &#039;amd64&#039;, os.version: &#039;10.0&#039;, java.version: &#039;21.0.3&#039;
Driver info: org.openqa.selenium.chrome.ChromeDriver
Command: [01953de35002cd5a808917193ef976b6, findElement {using=xpath, value=//button[@class=&quot;btn cart-btn&quot;][@fdprocessedid=&quot;185m7&quot;]}]
Capabilities {acceptInsecureCerts: false, browserName: chrome, browserVersion: 127.0.6533.89, chrome: {chromedriverVersion: 127.0.6533.88 (a2d0cb026721..., userDataDir: C:\Users\Victus\AppData\Loc...}, fedcm:accounts: true, goog:chromeOptions: {debuggerAddress: localhost:2792}, networkConnectionEnabled: false, pageLoadStrategy: normal, platformName: windows, proxy: Proxy(), se:cdp: ws://localhost:2792/devtool..., se:cdpVersion: 127.0.6533.89, setWindowRect: true, strictFileInteractability: false, timeouts: {implicit: 0, pageLoad: 300000, script: 30000}, unhandledPromptBehavior: dismiss and notify, webauthn:extension:credBlob: true, webauthn:extension:largeBlob: true, webauthn:extension:minPinLength: true, webauthn:extension:prf: true, webauthn:virtualAuthenticators: true}
Session ID: 01953de35002cd5a808917193ef976b6" type="org.openqa.selenium.NoSuchElementException">
      <![CDATA[org.openqa.selenium.NoSuchElementException: no such element: Unable to locate element: {"method":"xpath","selector":"//button[@class="btn cart-btn"][@fdprocessedid="185m7"]"}
  (Session info: chrome=127.0.6533.89)
For documentation on this error, please visit: https://www.selenium.dev/documentation/webdriver/troubleshooting/errors#no-such-element-exception
Build info: version: '4.18.1', revision: 'b1d3319b48'
System info: os.name: 'Windows 11', os.arch: 'amd64', os.version: '10.0', java.version: '21.0.3'
Driver info: org.openqa.selenium.chrome.ChromeDriver
Command: [01953de35002cd5a808917193ef976b6, findElement {using=xpath, value=//button[@class="btn cart-btn"][@fdprocessedid="185m7"]}]
Capabilities {acceptInsecureCerts: false, browserName: chrome, browserVersion: 127.0.6533.89, chrome: {chromedriverVersion: 127.0.6533.88 (a2d0cb026721..., userDataDir: C:\Users\Victus\AppData\Loc...}, fedcm:accounts: true, goog:chromeOptions: {debuggerAddress: localhost:2792}, networkConnectionEnabled: false, pageLoadStrategy: normal, platformName: windows, proxy: Proxy(), se:cdp: ws://localhost:2792/devtool..., se:cdpVersion: 127.0.6533.89, setWindowRect: true, strictFileInteractability: false, timeouts: {implicit: 0, pageLoad: 300000, script: 30000}, unhandledPromptBehavior: dismiss and notify, webauthn:extension:credBlob: true, webauthn:extension:largeBlob: true, webauthn:extension:minPinLength: true, webauthn:extension:prf: true, webauthn:virtualAuthenticators: true}
Session ID: 01953de35002cd5a808917193ef976b6
at java.base/jdk.internal.reflect.DirectConstructorHandleAccessor.newInstance(DirectConstructorHandleAccessor.java:62)
at java.base/java.lang.reflect.Constructor.newInstanceWithCaller(Constructor.java:502)
at java.base/java.lang.reflect.Constructor.newInstance(Constructor.java:486)
at org.openqa.selenium.remote.ErrorCodec.decode(ErrorCodec.java:167)
at org.openqa.selenium.remote.codec.w3c.W3CHttpResponseCodec.decode(W3CHttpResponseCodec.java:138)
at org.openqa.selenium.remote.codec.w3c.W3CHttpResponseCodec.decode(W3CHttpResponseCodec.java:50)
at org.openqa.selenium.remote.HttpCommandExecutor.execute(HttpCommandExecutor.java:190)
at org.openqa.selenium.remote.service.DriverCommandExecutor.invokeExecute(DriverCommandExecutor.java:216)
at org.openqa.selenium.remote.service.DriverCommandExecutor.execute(DriverCommandExecutor.java:174)
at org.openqa.selenium.remote.RemoteWebDriver.execute(RemoteWebDriver.java:519)
at org.openqa.selenium.remote.ElementLocation$ElementFinder$2.findElement(ElementLocation.java:165)
at org.openqa.selenium.remote.ElementLocation.findElement(ElementLocation.java:59)
at org.openqa.selenium.remote.RemoteWebDriver.findElement(RemoteWebDriver.java:356)
at org.openqa.selenium.remote.RemoteWebDriver.findElement(RemoteWebDriver.java:350)
at seleniummaven.seleniummaven.TestNGfirstcrystore.AddtoCart(TestNGfirstcrystore.java:125)
at java.base/jdk.internal.reflect.DirectMethodHandleAccessor.invoke(DirectMethodHandleAccessor.java:103)
at java.base/java.lang.reflect.Method.invoke(Method.java:580)
at org.testng.internal.MethodInvocationHelper.invokeMethod(MethodInvocationHelper.java:133)
at org.testng.internal.TestInvoker.invokeMethod(TestInvoker.java:598)
at org.testng.internal.TestInvoker.invokeTestMethod(TestInvoker.java:173)
at org.testng.internal.MethodRunner.runInSequence(MethodRunner.java:46)
at org.testng.internal.TestInvoker$MethodInvocationAgent.invoke(TestInvoker.java:824)
at org.testng.internal.TestInvoker.invokeTestMethods(TestInvoker.java:146)
at org.testng.internal.TestMethodWorker.invokeTestMethods(TestMethodWorker.java:146)
at org.testng.internal.TestMethodWorker.run(TestMethodWorker.java:128)
at java.base/java.util.ArrayList.forEach(ArrayList.java:1596)
at org.testng.TestRunner.privateRun(TestRunner.java:794)
at org.testng.TestRunner.run(TestRunner.java:596)
at org.testng.SuiteRunner.runTest(SuiteRunner.java:377)
at org.testng.SuiteRunner.runSequentially(SuiteRunner.java:371)
at org.testng.SuiteRunner.privateRun(SuiteRunner.java:332)
at org.testng.SuiteRunner.run(SuiteRunner.java:276)
at org.testng.SuiteRunnerWorker.runSuite(SuiteRunnerWorker.java:53)
at org.testng.SuiteRunnerWorker.run(SuiteRunnerWorker.java:96)
at org.testng.TestNG.runSuitesSequentially(TestNG.java:1212)
at org.testng.TestNG.runSuitesLocally(TestNG.java:1134)
at org.testng.TestNG.runSuites(TestNG.java:1063)
at org.testng.TestNG.run(TestNG.java:1031)
at org.testng.remote.AbstractRemoteTestNG.run(AbstractRemoteTestNG.java:115)
at org.testng.remote.RemoteTestNG.initAndRun(RemoteTestNG.java:293)
at org.testng.remote.RemoteTestNG.main(RemoteTestNG.java:91)
]]>
    </error>
  </testcase> <!-- AddtoCart -->
  <system-out/>
  <testcase classname="seleniummaven.seleniummaven.TestNGfirstcrystore" name="Cart" time="0.262"/>
  <system-out/>
</testsuite> <!-- seleniummaven.seleniummaven.TestNGfirstcrystore -->
